#
# There is insufficient memory for the Java Runtime Environment to continue.
# Native memory allocation (malloc) failed to allocate 32744 bytes for ChunkPool::allocate
# Possible reasons:
#   The system is out of physical RAM or swap space
#   The process is running with CompressedOops enabled, and the Java Heap may be blocking the growth of the native heap
# Possible solutions:
#   Reduce memory load on the system
#   Increase physical memory or swap space
#   Check if swap backing store is full
#   Decrease Java heap size (-Xmx/-Xms)
#   Decrease number of Java threads
#   Decrease Java thread stack sizes (-Xss)
#   Set larger code cache with -XX:ReservedCodeCacheSize=
#   JVM is running with Zero Based Compressed Oops mode in which the Java heap is
#     placed in the first 32GB address space. The Java Heap base address is the
#     maximum limit for the native heap growth. Please use -XX:HeapBaseMinAddress
#     to set the Java Heap base and to place the Java Heap above 32GB virtual address.
# This output file may be truncated or incomplete.
#
#  Out of Memory Error (allocation.cpp:272), pid=19336, tid=0x0000000000004b5c
#
# JRE version: Java(TM) SE Runtime Environment (8.0_241-b07) (build 1.8.0_241-b07)
# Java VM: Java HotSpot(TM) 64-Bit Server VM (25.241-b07 mixed mode windows-amd64 compressed oops)
# Failed to write core dump. Minidumps are not enabled by default on client versions of Windows
#

---------------  T H R E A D  ---------------

Current thread (0x000000001defc800):  JavaThread "C1 CompilerThread3" daemon [_thread_in_native, id=19292, stack(0x000000001eae0000,0x000000001ebe0000)]

Stack: [0x000000001eae0000,0x000000001ebe0000]
[error occurred during error reporting (printing stack bounds), id 0xc0000005]

Native frames: (J=compiled Java code, j=interpreted, Vv=VM code, C=native code)


Current CompileTask:
C1:    212   65       3       java.io.WinNTFileSystem::normalize (231 bytes)


---------------  P R O C E S S  ---------------

Java Threads: ( => current thread )
  0x0000000002664000 JavaThread "DestroyJavaVM" [_thread_blocked, id=18428, stack(0x0000000002460000,0x0000000002560000)]
  0x000000001df87800 JavaThread "Service Thread" daemon [_thread_blocked, id=11496, stack(0x000000001ebe0000,0x000000001ece0000)]
=>0x000000001defc800 JavaThread "C1 CompilerThread3" daemon [_thread_in_native, id=19292, stack(0x000000001eae0000,0x000000001ebe0000)]
  0x000000001def8000 JavaThread "C2 CompilerThread2" daemon [_thread_blocked, id=5436, stack(0x000000001e9e0000,0x000000001eae0000)]
  0x000000001def1800 JavaThread "C2 CompilerThread1" daemon [_thread_blocked, id=2580, stack(0x000000001e8e0000,0x000000001e9e0000)]
  0x000000001deee800 JavaThread "C2 CompilerThread0" daemon [_thread_blocked, id=11296, stack(0x000000001e7e0000,0x000000001e8e0000)]
  0x000000001dee8000 JavaThread "Attach Listener" daemon [_thread_blocked, id=13136, stack(0x000000001e6e0000,0x000000001e7e0000)]
  0x000000001dee7000 JavaThread "Signal Dispatcher" daemon [_thread_blocked, id=5020, stack(0x000000001e5e0000,0x000000001e6e0000)]
  0x000000001c0c2800 JavaThread "Finalizer" daemon [_thread_blocked, id=14508, stack(0x000000001e3b0000,0x000000001e4b0000)]
  0x000000001ded0800 JavaThread "Reference Handler" daemon [_thread_blocked, id=16512, stack(0x000000001e2b0000,0x000000001e3b0000)]

Other Threads:
  0x000000000275d800 VMThread [stack: 0x000000001ddb0000,0x000000001deb0000] [id=14908]
  0x000000001df9b000 WatcherThread [stack: 0x000000001ece0000,0x000000001ede0000] [id=9364]

VM state:not at safepoint (normal execution)

VM Mutex/Monitor currently owned by a thread: None

OutOfMemory and StackOverflow Exception counts:
OutOfMemoryError java_heap_errors=4

heap address: 0x00000006c3000000, size: 4048 MB, Compressed Oops mode: Zero based, Oop shift amount: 3
Narrow klass base: 0x0000000000000000, Narrow klass shift: 3
Compressed class space size: 1073741824 Address: 0x00000007c0000000

Heap:
 PSYoungGen      total 75776K, used 5202K [0x000000076bb00000, 0x0000000770f80000, 0x00000007c0000000)
  eden space 65024K, 8% used [0x000000076bb00000,0x000000076c014958,0x000000076fa80000)
  from space 10752K, 0% used [0x0000000770500000,0x0000000770500000,0x0000000770f80000)
  to   space 10752K, 0% used [0x000000076fa80000,0x000000076fa80000,0x0000000770500000)
 ParOldGen       total 173568K, used 0K [0x00000006c3000000, 0x00000006cd980000, 0x000000076bb00000)
  object space 173568K, 0% used [0x00000006c3000000,0x00000006c3000000,0x00000006cd980000)
 Metaspace       used 2687K, capacity 4480K, committed 4480K, reserved 1056768K
  class space    used 292K, capacity 384K, committed 384K, reserved 1048576K

Card table byte_map: [0x0000000011b20000,0x0000000012310000] byte_map_base: 0x000000000e508000

Marking Bits: (ParMarkBitMap*) 0x0000000065dabe30
 Begin Bits: [0x0000000013060000, 0x0000000016fa0000)
 End Bits:   [0x0000000016fa0000, 0x000000001aee0000)

Polling page: 0x0000000002440000

CodeCache: size=245760Kb used=1182Kb max_used=1193Kb free=244577Kb
 bounds [0x0000000002760000, 0x00000000029d0000, 0x0000000011760000]
 total_blobs=301 nmethods=65 adapters=149
 compilation: enabled

Compilation events (10 events):
Event: 0.189 Thread 0x000000001defc800   61       3       java.nio.ByteBuffer::arrayOffset (35 bytes)
Event: 0.189 Thread 0x000000001defc800 nmethod 61 0x0000000002888e10 code [0x0000000002888fa0, 0x0000000002889278]
Event: 0.189 Thread 0x000000001defc800   62       3       java.util.zip.ZStreamRef::address (5 bytes)
Event: 0.189 Thread 0x000000001deee800   63       4       java.lang.CharacterData::of (120 bytes)
Event: 0.189 Thread 0x000000001defc800 nmethod 62 0x0000000002888b10 code [0x0000000002888c60, 0x0000000002888db0]
Event: 0.189 Thread 0x000000001defc800   64       3       java.nio.CharBuffer::arrayOffset (35 bytes)
Event: 0.189 Thread 0x000000001defc800 nmethod 64 0x0000000002888590 code [0x0000000002888720, 0x00000000028889f8]
Event: 0.189 Thread 0x000000001deee800 nmethod 63 0x0000000002886e50 code [0x0000000002886f80, 0x0000000002886ff8]
Event: 0.191 Thread 0x000000001defc800   65       3       java.io.WinNTFileSystem::normalize (231 bytes)
Event: 0.192 Thread 0x000000001def8000   68       4       java.lang.StringBuilder::append (8 bytes)

GC Heap History (0 events):
No events

Deoptimization events (0 events):
No events

Classes redefined (0 events):
No events

Internal exceptions (6 events):
Event: 0.064 Thread 0x0000000002664000 Exception <a 'java/lang/NoSuchMethodError': Method sun.misc.Unsafe.defineClass(Ljava/lang/String;[BII)Ljava/lang/Class; name or signature does not match> (0x000000076bb07cc0) thrown at [C:\ade\jenkins\workspace\8-2-build-windows-amd64-cygwin\jdk8u241\331\
Event: 0.064 Thread 0x0000000002664000 Exception <a 'java/lang/NoSuchMethodError': Method sun.misc.Unsafe.prefetchRead(Ljava/lang/Object;J)V name or signature does not match> (0x000000076bb07fa8) thrown at [C:\ade\jenkins\workspace\8-2-build-windows-amd64-cygwin\jdk8u241\331\hotspot\src\share\
Event: 0.192 Thread 0x0000000002664000 Exception <a 'java/lang/OutOfMemoryError'> (0x000000076bc42610) thrown at [C:\ade\jenkins\workspace\8-2-build-windows-amd64-cygwin\jdk8u241\331\hotspot\src\share\vm\prims\jni.cpp, line 736]
Event: 0.192 Thread 0x0000000002664000 Exception <a 'java/lang/OutOfMemoryError'> (0x000000076bc42610) thrown at [C:\ade\jenkins\workspace\8-2-build-windows-amd64-cygwin\jdk8u241\331\hotspot\src\share\vm\prims\jvm.cpp, line 1506]
Event: 0.193 Thread 0x0000000002664000 Exception <a 'java/lang/OutOfMemoryError'> (0x000000076bc42610) thrown at [C:\ade\jenkins\workspace\8-2-build-windows-amd64-cygwin\jdk8u241\331\hotspot\src\share\vm\prims\jvm.cpp, line 1506]
Event: 0.193 Thread 0x0000000002664000 Exception <a 'java/lang/OutOfMemoryError'> (0x000000076bc42610) thrown at [C:\ade\jenkins\workspace\8-2-build-windows-amd64-cygwin\jdk8u241\331\hotspot\src\share\vm\prims\jvm.cpp, line 1506]

Events (10 events):
Event: 0.192 loading class java/security/PrivilegedActionException done
Event: 0.193 loading class java/io/IOException
Event: 0.193 loading class java/io/IOException done
Event: 0.193 loading class java/lang/SecurityException
Event: 0.193 loading class java/lang/SecurityException done
Event: 0.193 loading class java/lang/Throwable$WrappedPrintStream
Event: 0.193 loading class java/lang/Throwable$PrintStreamOrWriter
Event: 0.193 loading class java/lang/Throwable$PrintStreamOrWriter done
Event: 0.193 loading class java/lang/Throwable$WrappedPrintStream done
Event: 0.193 loading class java/util/IdentityHashMap


Dynamic libraries:
0x00007ff72a3f0000 - 0x00007ff72a427000 	C:\Program Files\Java\jdk1.8.0_241\bin\java.exe
0x00007ff916480000 - 0x00007ff916670000 	C:\WINDOWS\SYSTEM32\ntdll.dll
0x00007ff9157e0000 - 0x00007ff915892000 	C:\WINDOWS\System32\KERNEL32.DLL
0x00007ff9136b0000 - 0x00007ff913953000 	C:\WINDOWS\System32\KERNELBASE.dll
0x00007ff915950000 - 0x00007ff9159f3000 	C:\WINDOWS\System32\ADVAPI32.dll
0x00007ff915740000 - 0x00007ff9157de000 	C:\WINDOWS\System32\msvcrt.dll
0x00007ff916190000 - 0x00007ff916227000 	C:\WINDOWS\System32\sechost.dll
0x00007ff915000000 - 0x00007ff915120000 	C:\WINDOWS\System32\RPCRT4.dll
0x00007ff914e60000 - 0x00007ff914ff4000 	C:\WINDOWS\System32\USER32.dll
0x00007ff913470000 - 0x00007ff913491000 	C:\WINDOWS\System32\win32u.dll
0x00007ff915910000 - 0x00007ff915936000 	C:\WINDOWS\System32\GDI32.dll
0x00007ff914390000 - 0x00007ff914524000 	C:\WINDOWS\System32\gdi32full.dll
0x00007ff9134c0000 - 0x00007ff91355e000 	C:\WINDOWS\System32\msvcp_win.dll
0x00007ff9141b0000 - 0x00007ff9142aa000 	C:\WINDOWS\System32\ucrtbase.dll
0x00007ff905f50000 - 0x00007ff9061d5000 	C:\WINDOWS\WinSxS\amd64_microsoft.windows.common-controls_6595b64144ccf1df_6.0.18362.720_none_e6beb5c51314836b\COMCTL32.dll
0x00007ff915c20000 - 0x00007ff915f56000 	C:\WINDOWS\System32\combase.dll
0x00007ff914130000 - 0x00007ff9141b0000 	C:\WINDOWS\System32\bcryptPrimitives.dll
0x00007ff914e30000 - 0x00007ff914e5e000 	C:\WINDOWS\System32\IMM32.DLL
0x00000000654a0000 - 0x0000000065572000 	C:\Program Files\Java\jdk1.8.0_241\jre\bin\msvcr100.dll
0x0000000065580000 - 0x0000000065e2c000 	C:\Program Files\Java\jdk1.8.0_241\jre\bin\server\jvm.dll
0x00007ff915120000 - 0x00007ff915128000 	C:\WINDOWS\System32\PSAPI.DLL
0x00007ff9076f0000 - 0x00007ff907714000 	C:\WINDOWS\SYSTEM32\WINMM.dll
0x00007ff9054a0000 - 0x00007ff9054a9000 	C:\WINDOWS\SYSTEM32\WSOCK32.dll
0x00007ff909ed0000 - 0x00007ff909eda000 	C:\WINDOWS\SYSTEM32\VERSION.dll
0x00007ff9156b0000 - 0x00007ff91571f000 	C:\WINDOWS\System32\WS2_32.dll
0x00007ff9076c0000 - 0x00007ff9076ed000 	C:\WINDOWS\SYSTEM32\WINMMBASE.dll
0x00007ff913960000 - 0x00007ff9139aa000 	C:\WINDOWS\System32\cfgmgr32.dll
0x00007ff8ce830000 - 0x00007ff8ce83f000 	C:\Program Files\Java\jdk1.8.0_241\jre\bin\verify.dll
0x00007ff8ca060000 - 0x00007ff8ca089000 	C:\Program Files\Java\jdk1.8.0_241\jre\bin\java.dll
0x00007ff8ca040000 - 0x00007ff8ca056000 	C:\Program Files\Java\jdk1.8.0_241\jre\bin\zip.dll
0x00007ff914530000 - 0x00007ff914c15000 	C:\WINDOWS\System32\SHELL32.dll
0x00007ff915130000 - 0x00007ff9151d9000 	C:\WINDOWS\System32\shcore.dll
0x00007ff9139b0000 - 0x00007ff914130000 	C:\WINDOWS\System32\windows.storage.dll
0x00007ff913390000 - 0x00007ff9133b3000 	C:\WINDOWS\System32\profapi.dll
0x00007ff9133c0000 - 0x00007ff91340a000 	C:\WINDOWS\System32\powrprof.dll
0x00007ff913340000 - 0x00007ff913350000 	C:\WINDOWS\System32\UMPDC.dll
0x00007ff915bc0000 - 0x00007ff915c12000 	C:\WINDOWS\System32\shlwapi.dll
0x00007ff913370000 - 0x00007ff913381000 	C:\WINDOWS\System32\kernel.appcore.dll
0x00007ff9134a0000 - 0x00007ff9134b7000 	C:\WINDOWS\System32\cryptsp.dll

VM Arguments:
jvm_args: -Dfile.encoding=UTF-8 -Xbootclasspath/p:E:\NetBeans 8.2\enterprise\modules\ext\javaee7-endorsed\javax.annotation-api.jar;E:\NetBeans 8.2\enterprise\modules\ext\javaee7-endorsed\javax.xml.soap-api.jar;E:\NetBeans 8.2\enterprise\modules\ext\javaee7-endorsed\jaxb-api-osgi.jar;E:\NetBeans 8.2\enterprise\modules\ext\javaee7-endorsed\jaxws-api.jar;E:\NetBeans 8.2\enterprise\modules\ext\javaee7-endorsed\jsr181-api.jar 
java_command: Test1.Testgroup
java_class_path (initial): E:\NetBeans 8.2\java\modules\ext\hibernate4\antlr-2.7.7.jar;E:\NetBeans 8.2\java\modules\ext\hibernate4\c3p0-0.9.2.1.jar;E:\NetBeans 8.2\java\modules\ext\hibernate4\hibernate-c3p0-4.3.1.Final.jar;E:\NetBeans 8.2\java\modules\ext\hibernate4\mchange-commons-java-0.2.3.4.jar;E:\NetBeans 8.2\java\modules\ext\hibernate4\dom4j-1.6.1.jar;E:\NetBeans 8.2\java\modules\ext\hibernate4\ehcache-core-2.4.3.jar;E:\NetBeans 8.2\java\modules\ext\hibernate4\hibernate-ehcache-4.3.1.Final.jar;E:\NetBeans 8.2\java\modules\ext\hibernate4\hibernate-core-4.3.1.Final.jar;E:\NetBeans 8.2\java\modules\ext\hibernate4\jboss-logging-3.1.3.GA.jar;E:\NetBeans 8.2\java\modules\ext\hibernate4\hibernate-commons-annotations-4.0.4.Final.jar;E:\NetBeans 8.2\java\modules\ext\hibernate4\hibernate-entitymanager-4.3.1.Final.jar;E:\NetBeans 8.2\java\modules\ext\hibernate4\javassist-3.18.1-GA.jar;E:\NetBeans 8.2\java\modules\ext\hibernate4\jboss-transaction-api_1.2_spec-1.0.0.Final.jar;E:\NetBeans 8.2\java\modules\ext\hibernate4\slf4j-api-1.6.1.jar;E:\NetBeans 8.2\java\modules\ext\hibernate4\slf4j-simple-1.6.1.jar;E:\NetBeans 8.2\java\modules\ext\hibernate4\hibernate-jpa-2.1-api-1.0.0.Final.jar;E:\NetBeans 8.2\ide\modules\ext\mysql-connector-java-5.1.23-bin.jar;D:\Google Drive\IPM\workSpace\wsNetBeans\GesionDePresence\lib\itext\forms-7.1.10.jar;D:\Google Drive\IPM\workSpace\wsNetBeans\GesionDePresence\lib\itext\io-7.1.10.jar;D:\Google Drive\IPM\workSpace\wsNetBeans\GesionDePresence\lib\itext\kernel-7.1.10.jar;D:\Google Drive\IPM\workSpace\wsNetBeans\GesionDePresence\lib\itext\layout-7.1.10.jar;D:\Google Drive\IPM\workSpace\wsNetBeans\GesionDePresence\lib\jstl-1.2.jar;E:\NetBeans 8.2\enterprise\modules\ext\jstl-impl.jar;E:\NetBeans 8.2\enterprise\modules\ext\jstl-api.jar;D:\Google Drive\IPM\workSpace\wsNetBeans\GesionDePresence\lib\commons\commons-collections4-4.1.jar;D:\Google Drive\IPM\workSpace\wsNetBeans\GesionDePresence\lib\commons\commons-math3-3.6.1-javadoc.jar;D:\Google Dri
Launcher Type: SUN_STANDARD

Environment Variables:
JAVA_HOME=C:\Program Files\Java\jre1.8.0_241
PATH=C:\Program Files (x86)\Common Files\Oracle\Java\javapath;D:\Users\yeping\Downloads\WINDOWS.X64_193000_db_home\bin;C:\Program Files\Java\jre1.8.0_241\bin;C:\WINDOWS\system32;C:\WINDOWS;C:\WINDOWS\System32\Wbem;C:\WINDOWS\System32\WindowsPowerShell\v1.0\;C:\WINDOWS\System32\OpenSSH\;C:\Program Files\dotnet\;E:\Putty\;C:\Program Files\apache-maven-3.6.1\bin;C:\Program Files\Microsoft SQL Server\Client SDK\ODBC\130\Tools\Binn\;C:\Program Files (x86)\Microsoft SQL Server\140\Tools\Binn\;C:\Program Files\Microsoft SQL Server\140\Tools\Binn\;C:\Program Files\Microsoft SQL Server\140\DTS\Binn\;E:\apache-cassandra-3.0.20\bin;%MAVEN_HOME\bin%;C:\Program Files\Java\jre1.8.0_241\bin\sever;E:\Program Files\Git\cmd;E:\Program Files\nodejs\;C:\Program Files (x86)\Java\jdk1.8.0_231\bin;C:\Users\yeping\AppData\Local\atom\bin;E:\apache-cassandra-3.0.20\bin;C:\Python27;C:\Users\yeping\AppData\Local\Microsoft\WindowsApps;C:\Program Files\apache-maven-3.6.3\bin;;E:\IntelliJ IDEA Educational Edition 2019.3.2\bin;;e:\Program Files\JetBrains\IntelliJ IDEA 2019.3.3\bin;;C:\Users\yeping\AppData\Roaming\npm
USERNAME=yeping
OS=Windows_NT
PROCESSOR_IDENTIFIER=Intel64 Family 6 Model 142 Stepping 11, GenuineIntel



---------------  S Y S T E M  ---------------

OS: Windows 10.0 , 64 bit Build 18362 (10.0.18362.329)

CPU:total 8 (initial active 8) (4 cores per cpu, 2 threads per core) family 6 model 142 stepping 11, cmov, cx8, fxsr, mmx, sse, sse2, sse3, ssse3, sse4.1, sse4.2, popcnt, avx, avx2, aes, clmul, erms, 3dnowpref, lzcnt, ht, tsc, tscinvbit, bmi1, bmi2, adx

Memory: 4k page, physical 16579732k(6590416k free), swap 29955984k(4092k free)

vm_info: Java HotSpot(TM) 64-Bit Server VM (25.241-b07) for windows-amd64 JRE (1.8.0_241-b07), built on Dec 11 2019 10:21:40 by "rejava" with MS VC++ 10.0 (VS2010)

time: Sun Mar 29 21:10:25 2020
timezone: Paris, Madrid (heure d’été)
elapsed time: 0 seconds (0d 0h 0m 0s)

