#
# There is insufficient memory for the Java Runtime Environment to continue.
# Native memory allocation (malloc) failed to allocate 1048576 bytes for AllocateHeap
# Possible reasons:
#   The system is out of physical RAM or swap space
#   The process is running with CompressedOops enabled, and the Java Heap may be blocking the growth of the native heap
# Possible solutions:
#   Reduce memory load on the system
#   Increase physical memory or swap space
#   Check if swap backing store is full
#   Decrease Java heap size (-Xmx/-Xms)
#   Decrease number of Java threads
#   Decrease Java thread stack sizes (-Xss)
#   Set larger code cache with -XX:ReservedCodeCacheSize=
#   JVM is running with Zero Based Compressed Oops mode in which the Java heap is
#     placed in the first 32GB address space. The Java Heap base address is the
#     maximum limit for the native heap growth. Please use -XX:HeapBaseMinAddress
#     to set the Java Heap base and to place the Java Heap above 32GB virtual address.
# This output file may be truncated or incomplete.
#
#  Out of Memory Error (memory/allocation.inline.hpp:61), pid=22524, tid=0x0000000000003de4
#
# JRE version:  (8.0_241-b07) (build )
# Java VM: Java HotSpot(TM) 64-Bit Server VM (25.241-b07 mixed mode windows-amd64 compressed oops)
# Failed to write core dump. Minidumps are not enabled by default on client versions of Windows
#

---------------  T H R E A D  ---------------

Current thread (0x0000000002b44000):  JavaThread "Unknown thread" [_thread_in_vm, id=15844, stack(0x00000000029c0000,0x0000000002ac0000)]

Stack: [0x00000000029c0000,0x0000000002ac0000]
[error occurred during error reporting (printing stack bounds), id 0xc0000005]

Native frames: (J=compiled Java code, j=interpreted, Vv=VM code, C=native code)


---------------  P R O C E S S  ---------------

Java Threads: ( => current thread )

Other Threads:

=>0x0000000002b44000 (exited) JavaThread "Unknown thread" [_thread_in_vm, id=15844, stack(0x00000000029c0000,0x0000000002ac0000)]

VM state:not at safepoint (normal execution)

VM Mutex/Monitor currently owned by a thread: None

heap address: 0x00000006c3000000, size: 4048 MB, Compressed Oops mode: Zero based, Oop shift amount: 3
Narrow klass base: 0x0000000000000000, Narrow klass shift: 3
Compressed class space size: 1073741824 Address: 0x00000007c0000000

Heap:
 PSYoungGen      total 75776K, used 1300K [0x000000076bb00000, 0x0000000770f80000, 0x00000007c0000000)
  eden space 65024K, 2% used [0x000000076bb00000,0x000000076bc451f8,0x000000076fa80000)
  from space 10752K, 0% used [0x0000000770500000,0x0000000770500000,0x0000000770f80000)
  to   space 10752K, 0% used [0x000000076fa80000,0x000000076fa80000,0x0000000770500000)
 ParOldGen       total 173568K, used 0K [0x00000006c3000000, 0x00000006cd980000, 0x000000076bb00000)
  object space 173568K, 0% used [0x00000006c3000000,0x00000006c3000000,0x00000006cd980000)
 Metaspace       used 776K, capacity 4480K, committed 4480K, reserved 1056768K
  class space    used 76K, capacity 384K, committed 384K, reserved 1048576K

Card table byte_map: [0x0000000012000000,0x00000000127f0000] byte_map_base: 0x000000000e9e8000

Marking Bits: (ParMarkBitMap*) 0x0000000065dabe30
 Begin Bits: [0x0000000013540000, 0x0000000017480000)
 End Bits:   [0x0000000017480000, 0x000000001b3c0000)

Polling page: 0x0000000000d20000

CodeCache: size=245760Kb used=328Kb max_used=328Kb free=245431Kb
 bounds [0x0000000002c40000, 0x0000000002eb0000, 0x0000000011c40000]
 total_blobs=58 nmethods=0 adapters=38
 compilation: enabled

Compilation events (0 events):
No events

GC Heap History (0 events):
No events

Deoptimization events (0 events):
No events

Classes redefined (0 events):
No events

Internal exceptions (0 events):
No events

Events (10 events):
Event: 0.020 loading class java/lang/Short
Event: 0.020 loading class java/lang/Short done
Event: 0.020 loading class java/lang/Integer
Event: 0.020 loading class java/lang/Integer done
Event: 0.020 loading class java/lang/Long
Event: 0.020 loading class java/lang/Long done
Event: 0.020 loading class java/lang/NullPointerException
Event: 0.020 loading class java/lang/NullPointerException done
Event: 0.020 loading class java/lang/ArithmeticException
Event: 0.020 loading class java/lang/ArithmeticException done


Dynamic libraries:
0x00007ff72a3f0000 - 0x00007ff72a427000 	C:\Program Files\Java\jdk1.8.0_241\bin\java.exe
0x00007ff916480000 - 0x00007ff916670000 	C:\WINDOWS\SYSTEM32\ntdll.dll
0x00007ff9157e0000 - 0x00007ff915892000 	C:\WINDOWS\System32\KERNEL32.DLL
0x00007ff9136b0000 - 0x00007ff913953000 	C:\WINDOWS\System32\KERNELBASE.dll
0x00007ff915950000 - 0x00007ff9159f3000 	C:\WINDOWS\System32\ADVAPI32.dll
0x00007ff915740000 - 0x00007ff9157de000 	C:\WINDOWS\System32\msvcrt.dll
0x00007ff916190000 - 0x00007ff916227000 	C:\WINDOWS\System32\sechost.dll
0x00007ff915000000 - 0x00007ff915120000 	C:\WINDOWS\System32\RPCRT4.dll
0x00007ff914e60000 - 0x00007ff914ff4000 	C:\WINDOWS\System32\USER32.dll
0x00007ff913470000 - 0x00007ff913491000 	C:\WINDOWS\System32\win32u.dll
0x00007ff915910000 - 0x00007ff915936000 	C:\WINDOWS\System32\GDI32.dll
0x00007ff914390000 - 0x00007ff914524000 	C:\WINDOWS\System32\gdi32full.dll
0x00007ff9134c0000 - 0x00007ff91355e000 	C:\WINDOWS\System32\msvcp_win.dll
0x00007ff9141b0000 - 0x00007ff9142aa000 	C:\WINDOWS\System32\ucrtbase.dll
0x00007ff905f50000 - 0x00007ff9061d5000 	C:\WINDOWS\WinSxS\amd64_microsoft.windows.common-controls_6595b64144ccf1df_6.0.18362.720_none_e6beb5c51314836b\COMCTL32.dll
0x00007ff915c20000 - 0x00007ff915f56000 	C:\WINDOWS\System32\combase.dll
0x00007ff914130000 - 0x00007ff9141b0000 	C:\WINDOWS\System32\bcryptPrimitives.dll
0x00007ff914e30000 - 0x00007ff914e5e000 	C:\WINDOWS\System32\IMM32.DLL
0x00000000654a0000 - 0x0000000065572000 	C:\Program Files\Java\jdk1.8.0_241\jre\bin\msvcr100.dll
0x0000000065580000 - 0x0000000065e2c000 	C:\Program Files\Java\jdk1.8.0_241\jre\bin\server\jvm.dll
0x00007ff915120000 - 0x00007ff915128000 	C:\WINDOWS\System32\PSAPI.DLL
0x00007ff909ed0000 - 0x00007ff909eda000 	C:\WINDOWS\SYSTEM32\VERSION.dll
0x00007ff9054a0000 - 0x00007ff9054a9000 	C:\WINDOWS\SYSTEM32\WSOCK32.dll
0x00007ff9076f0000 - 0x00007ff907714000 	C:\WINDOWS\SYSTEM32\WINMM.dll
0x00007ff9156b0000 - 0x00007ff91571f000 	C:\WINDOWS\System32\WS2_32.dll
0x00007ff9076c0000 - 0x00007ff9076ed000 	C:\WINDOWS\SYSTEM32\winmmbase.dll
0x00007ff913960000 - 0x00007ff9139aa000 	C:\WINDOWS\System32\cfgmgr32.dll
0x00007ff8ce830000 - 0x00007ff8ce83f000 	C:\Program Files\Java\jdk1.8.0_241\jre\bin\verify.dll
0x00007ff8ca060000 - 0x00007ff8ca089000 	C:\Program Files\Java\jdk1.8.0_241\jre\bin\java.dll
0x00007ff8ca040000 - 0x00007ff8ca056000 	C:\Program Files\Java\jdk1.8.0_241\jre\bin\zip.dll

VM Arguments:
jvm_args: -Dfile.encoding=UTF-8 -Xbootclasspath/p:E:\NetBeans 8.2\enterprise\modules\ext\javaee7-endorsed\javax.annotation-api.jar;E:\NetBeans 8.2\enterprise\modules\ext\javaee7-endorsed\javax.xml.soap-api.jar;E:\NetBeans 8.2\enterprise\modules\ext\javaee7-endorsed\jaxb-api-osgi.jar;E:\NetBeans 8.2\enterprise\modules\ext\javaee7-endorsed\jaxws-api.jar;E:\NetBeans 8.2\enterprise\modules\ext\javaee7-endorsed\jsr181-api.jar 
java_command: services.serviceEtudiant
java_class_path (initial): D:\Google Drive\IPM\workSpace\wsNetBeans\GesionDePresence\build\web\WEB-INF\classes;E:\NetBeans 8.2\java\modules\ext\hibernate4\antlr-2.7.7.jar;E:\NetBeans 8.2\java\modules\ext\hibernate4\c3p0-0.9.2.1.jar;E:\NetBeans 8.2\java\modules\ext\hibernate4\hibernate-c3p0-4.3.1.Final.jar;E:\NetBeans 8.2\java\modules\ext\hibernate4\mchange-commons-java-0.2.3.4.jar;E:\NetBeans 8.2\java\modules\ext\hibernate4\dom4j-1.6.1.jar;E:\NetBeans 8.2\java\modules\ext\hibernate4\ehcache-core-2.4.3.jar;E:\NetBeans 8.2\java\modules\ext\hibernate4\hibernate-ehcache-4.3.1.Final.jar;E:\NetBeans 8.2\java\modules\ext\hibernate4\hibernate-core-4.3.1.Final.jar;E:\NetBeans 8.2\java\modules\ext\hibernate4\jboss-logging-3.1.3.GA.jar;E:\NetBeans 8.2\java\modules\ext\hibernate4\hibernate-commons-annotations-4.0.4.Final.jar;E:\NetBeans 8.2\java\modules\ext\hibernate4\hibernate-entitymanager-4.3.1.Final.jar;E:\NetBeans 8.2\java\modules\ext\hibernate4\javassist-3.18.1-GA.jar;E:\NetBeans 8.2\java\modules\ext\hibernate4\jboss-transaction-api_1.2_spec-1.0.0.Final.jar;E:\NetBeans 8.2\java\modules\ext\hibernate4\slf4j-api-1.6.1.jar;E:\NetBeans 8.2\java\modules\ext\hibernate4\slf4j-simple-1.6.1.jar;E:\NetBeans 8.2\java\modules\ext\hibernate4\hibernate-jpa-2.1-api-1.0.0.Final.jar;E:\NetBeans 8.2\ide\modules\ext\mysql-connector-java-5.1.23-bin.jar;D:\Google Drive\IPM\workSpace\wsNetBeans\GesionDePresence\lib\itext\forms-7.1.10.jar;D:\Google Drive\IPM\workSpace\wsNetBeans\GesionDePresence\lib\itext\io-7.1.10.jar;D:\Google Drive\IPM\workSpace\wsNetBeans\GesionDePresence\lib\itext\kernel-7.1.10.jar;D:\Google Drive\IPM\workSpace\wsNetBeans\GesionDePresence\lib\itext\layout-7.1.10.jar;D:\Google Drive\IPM\workSpace\wsNetBeans\GesionDePresence\lib\jstl-1.2.jar;E:\NetBeans 8.2\enterprise\modules\ext\jstl-impl.jar;E:\NetBeans 8.2\enterprise\modules\ext\jstl-api.jar;D:\Google Drive\IPM\workSpace\wsNetBeans\GesionDePresence\lib\commons\commons-collections4-4.1.jar;D:\Google Drive\IPM\workSpace\w
Launcher Type: SUN_STANDARD

Environment Variables:
JAVA_HOME=C:\Program Files\Java\jre1.8.0_241
PATH=C:\Program Files (x86)\Common Files\Oracle\Java\javapath;D:\Users\yeping\Downloads\WINDOWS.X64_193000_db_home\bin;C:\Program Files\Java\jre1.8.0_241\bin;C:\WINDOWS\system32;C:\WINDOWS;C:\WINDOWS\System32\Wbem;C:\WINDOWS\System32\WindowsPowerShell\v1.0\;C:\WINDOWS\System32\OpenSSH\;C:\Program Files\dotnet\;E:\Putty\;C:\Program Files\apache-maven-3.6.1\bin;C:\Program Files\Microsoft SQL Server\Client SDK\ODBC\130\Tools\Binn\;C:\Program Files (x86)\Microsoft SQL Server\140\Tools\Binn\;C:\Program Files\Microsoft SQL Server\140\Tools\Binn\;C:\Program Files\Microsoft SQL Server\140\DTS\Binn\;E:\apache-cassandra-3.0.20\bin;%MAVEN_HOME\bin%;C:\Program Files\Java\jre1.8.0_241\bin\sever;E:\Program Files\Git\cmd;E:\Program Files\nodejs\;C:\Program Files (x86)\Java\jdk1.8.0_231\bin;C:\Users\yeping\AppData\Local\atom\bin;E:\apache-cassandra-3.0.20\bin;C:\Python27;C:\Users\yeping\AppData\Local\Microsoft\WindowsApps;C:\Program Files\apache-maven-3.6.3\bin;;E:\IntelliJ IDEA Educational Edition 2019.3.2\bin;;e:\Program Files\JetBrains\IntelliJ IDEA 2019.3.3\bin;;C:\Users\yeping\AppData\Roaming\npm
USERNAME=yeping
OS=Windows_NT
PROCESSOR_IDENTIFIER=Intel64 Family 6 Model 142 Stepping 11, GenuineIntel



---------------  S Y S T E M  ---------------

OS: Windows 10.0 , 64 bit Build 18362 (10.0.18362.329)

CPU:total 8 (initial active 8) (4 cores per cpu, 2 threads per core) family 6 model 142 stepping 11, cmov, cx8, fxsr, mmx, sse, sse2, sse3, ssse3, sse4.1, sse4.2, popcnt, avx, avx2, aes, clmul, erms, 3dnowpref, lzcnt, ht, tsc, tscinvbit, bmi1, bmi2, adx

Memory: 4k page, physical 16579732k(6159060k free), swap 29955984k(8900k free)

vm_info: Java HotSpot(TM) 64-Bit Server VM (25.241-b07) for windows-amd64 JRE (1.8.0_241-b07), built on Dec 11 2019 10:21:40 by "rejava" with MS VC++ 10.0 (VS2010)

time: Mon Mar 30 03:08:30 2020
timezone: Paris, Madrid (heure d’été)
elapsed time: 0 seconds (0d 0h 0m 0s)

